<?xml version="1.0" encoding="UTF-8"?>
<!-- Generated by org.testng.reporters.JUnitReportReporter -->
<testsuite skipped="0" hostname="DESKTOP-JGLRBKR" name="com.crm.autodesk.contactsTest.CreateContactsTest" tests="1" failures="0" timestamp="2021-12-26T10:57:01 IST" time="33.982" errors="0">
  <testcase name="createContactsTest" time="33.982" classname="com.crm.autodesk.contactsTest.CreateContactsTest"/>
  <system-out/>
</testsuite> <!-- com.crm.autodesk.contactsTest.CreateContactsTest -->
